<?xml version="1.0" encoding="UTF-8"?>
<!-- Generated by org.testng.reporters.JUnitXMLReporter -->
<testsuite ignored="1" hostname="DESKTOP-35PKLNE" failures="0" tests="2" name="Default test" time="2.214" errors="0" timestamp="2021-05-14T16:07:47 CEST">
  <testcase classname="demo.DataDrivenExamples1" name="test_post" time="2.1"/>
  <testcase classname="demo.DataDrivenExamples1" name="test_post" time="0.063"/>
  <testcase classname="demo.DataDrivenExamples1" name="test_delete" time="0.0">
    <ignored/>
  </testcase> <!-- test_delete -->
</testsuite> <!-- Default test -->
