<?xml version="1.0" encoding="UTF-8"?>
<!-- Generated by org.testng.reporters.JUnitXMLReporter -->
<testsuite ignored="0" hostname="DESKTOP-35PKLNE" failures="0" tests="3" name="Test" time="2.645" errors="0" timestamp="2021-05-14T16:06:29 CEST">
  <testcase classname="demo.DataDrivenExamples1" name="test_delete" time="2.363"/>
  <testcase classname="demo.DataDrivenExamples1" name="test_post" time="0.174"/>
  <testcase classname="demo.DataDrivenExamples1" name="test_post" time="0.048"/>
</testsuite> <!-- Test -->
