<?xml version="1.0" encoding="UTF-8"?>
<testng-results ignored="1" total="3" passed="2" failed="0" skipped="0">
  <reporter-output>
  </reporter-output>
  <suite started-at="2021-05-14T16:07:44 CEST" name="Default suite" finished-at="2021-05-14T16:07:47 CEST" duration-ms="2214">
    <groups>
    </groups>
    <test started-at="2021-05-14T16:07:44 CEST" name="Default test" finished-at="2021-05-14T16:07:47 CEST" duration-ms="2214">
      <class name="demo.DataDrivenExamples1">
        <test-method signature="test_post(java.lang.String, java.lang.String, int)[pri:0, instance:demo.DataDrivenExamples1@1f97cf0d]" started-at="2021-05-14T16:07:44 CEST" name="test_post" data-provider="DataForPost" finished-at="2021-05-14T16:07:46 CEST" duration-ms="2100" status="PASS">
          <params>
            <param index="0">
              <value>
                <![CDATA[Graham]]>
              </value>
            </param>
            <param index="1">
              <value>
                <![CDATA[Bell]]>
              </value>
            </param>
            <param index="2">
              <value>
                <![CDATA[1]]>
              </value>
            </param>
          </params>
          <reporter-output>
          </reporter-output>
        </test-method> <!-- test_post -->
        <test-method signature="test_post(java.lang.String, java.lang.String, int)[pri:0, instance:demo.DataDrivenExamples1@1f97cf0d]" started-at="2021-05-14T16:07:46 CEST" name="test_post" data-provider="DataForPost" finished-at="2021-05-14T16:07:47 CEST" duration-ms="63" status="PASS">
          <params>
            <param index="0">
              <value>
                <![CDATA[Henry]]>
              </value>
            </param>
            <param index="1">
              <value>
                <![CDATA[Ford]]>
              </value>
            </param>
            <param index="2">
              <value>
                <![CDATA[2]]>
              </value>
            </param>
          </params>
          <reporter-output>
          </reporter-output>
        </test-method> <!-- test_post -->
      </class> <!-- demo.DataDrivenExamples1 -->
    </test> <!-- Default test -->
  </suite> <!-- Default suite -->
</testng-results>
